<?xml version="1.0" encoding="UTF-8"?>
<!-- Generated by org.testng.reporters.JUnitReportReporter -->
<testsuite hostname="Alex" failures="0" tests="2" name="Amanacard.Appium.Cash_Withdrawal_Full_Same_Currency" time="159.514" errors="0" timestamp="2024-11-25T10:51:15 GMT" skipped="0">
  <testcase classname="Amanacard.Appium.Cash_Withdrawal_Full_Same_Currency" name="appiumLoginTest" time="60.287"/>
  <system-out/>
  <testcase classname="Amanacard.Appium.Cash_Withdrawal_Full_Same_Currency" name="appiumLoginTest" time="99.227"/>
  <system-out/>
</testsuite> <!-- Amanacard.Appium.Cash_Withdrawal_Full_Same_Currency -->
