<?xml version="1.0" encoding="UTF-8"?>
<!-- Generated by org.testng.reporters.JUnitReportReporter -->
<testsuite hostname="Alex" failures="0" tests="1" name="Amanacard.Appium.AppiumBasics" time="145.901" errors="0" timestamp="2024-10-19T10:21:32 BST" skipped="0">
  <testcase classname="Amanacard.Appium.AppiumBasics" name="AppiumTest" time="145.901"/>
  <system-out/>
</testsuite> <!-- Amanacard.Appium.AppiumBasics -->
